<?xml version="1.0" encoding="UTF-8"?>
<!-- Generated by org.testng.reporters.JUnitReportReporter -->
<testsuite hostname="Maya" failures="0" tests="1" name="Com.myki.testscript.LoginCustomer" time="3.329" errors="0" timestamp="2024-10-22T19:27:36 IST" skipped="0">
  <testcase classname="Com.myki.testscript.LoginCustomer" name="main" time="3.329"/>
  <system-out>
    <![CDATA[Maven Surefire Plugin â€“ Using TestNG]]>
  </system-out>
</testsuite> <!-- Com.myki.testscript.LoginCustomer -->
